\BOOKMARK [0][-]{chapter.1}{\376\377\000M\000o\000d\000e\000l\000y\000\040\000p\001\131\000e\000d\000c\000h\000\341\000z\000e\000j\000\355\000c\000\355\000\040\000I\000D\000M}{}% 1
\BOOKMARK [1][-]{section.1.1}{\376\377\000N\000e\000w\000e\000l\000l\001\157\000v\000\040\000m\000o\000d\000e\000l}{chapter.1}% 2
\BOOKMARK [2][-]{subsection.1.1.1}{\376\377\000P\000o\000p\000i\000s\000\040\000m\000o\000d\000e\000l\000u}{section.1.1}% 3
\BOOKMARK [1][-]{section.1.2}{\376\377\000G\000i\000p\000p\000s\001\157\000v\000\040\000m\000o\000d\000e\000l}{chapter.1}% 4
\BOOKMARK [2][-]{subsection.1.2.1}{\376\377\000P\000o\000p\000i\000s\000\040\000m\000o\000d\000e\000l\000u}{section.1.2}% 5
\BOOKMARK [1][-]{section.1.3}{\376\377\000K\000r\000a\000u\000s\000s\001\157\000v\000\040\000m\000o\000d\000e\000l}{chapter.1}% 6
\BOOKMARK [2][-]{subsection.1.3.1}{\376\377\000O\000b\000e\000c\000n\000\375\000\040\000p\001\131\000\355\000s\000t\000u\000p}{section.1.3}% 7
\BOOKMARK [2][-]{subsection.1.3.2}{\376\377\000I\000n\000t\000e\000r\000a\000k\000c\000e\000\040\000m\000e\000z\000i\000\040\000v\000o\000z\000i\000d\000l\000y}{section.1.3}% 8
\BOOKMARK [2][-]{subsection.1.3.3}{\376\377\000D\000i\000s\000k\000r\000e\000t\000i\000z\000a\000c\000e\000\040\000m\000o\000d\000e\000l\000u}{section.1.3}% 9
\BOOKMARK [2][-]{subsection.1.3.4}{\376\377\000R\000o\000v\000n\000i\000c\000e\000\040\000m\000o\000d\000e\000l\000u}{section.1.3}% 10
\BOOKMARK [0][-]{chapter.2}{\376\377\000I\000n\000t\000e\000l\000l\000i\000g\000e\000n\000t\000\040\000D\000r\000i\000v\000e\000r\000\040\000M\000o\000d\000e\000l}{}% 11
\BOOKMARK [1][-]{section.2.1}{\376\377\000M\000a\000t\000e\000m\000a\000t\000i\000c\000k\000\375\000\040\000p\000o\000p\000i\000s}{chapter.2}% 12
\BOOKMARK [0][-]{chapter*.1}{\376\377\000L\000i\000t\000e\000r\000a\000t\000u\000r\000a}{}% 13
\BOOKMARK [0][-]{chapter.1}{\376\377\000P\001\131\000\355\000l\000o\000h\000a\000\040\000A\000:\000\040\000K\000o\000m\000p\000i\000l\000a\000c\000e\000\040\000s\000i\000m\000u\000l\000a\001\015\000n\000\355\000h\000o\000\040\000s\000o\000f\000t\000w\000a\000r\000u\000\040\000S\000U\000M\000O}{}% 14
\BOOKMARK [1][-]{section.1.1}{\376\377\000S\000U\000M\000O}{chapter.1}% 15
\BOOKMARK [2][-]{subsection.1.1.1}{\376\377\000S\000U\000M\000O\000\040\000d\000o\000w\000n\000l\000o\000a\000d}{section.1.1}% 16
\BOOKMARK [1][-]{section.1.2}{\376\377\000V\000i\000s\000u\000a\000l\000\040\000S\000t\000u\000d\000i\000o}{chapter.1}% 17
\BOOKMARK [1][-]{section.1.3}{\376\377\000O\000s\000t\000a\000t\000n\000\355\000\040\000z\000\341\000v\000i\000s\000l\000o\000s\000t\000i}{chapter.1}% 18
\BOOKMARK [2][-]{subsection.1.3.1}{\376\377\000X\000e\000r\000c\000e\000s\000-\000C}{section.1.3}% 19
\BOOKMARK [2][-]{subsection.1.3.2}{\376\377\000F\000O\000X}{section.1.3}% 20
\BOOKMARK [2][-]{subsection.1.3.3}{\376\377\000F\000W\000T\000o\000o\000l\000s}{section.1.3}% 21
